Analysis & Synthesis report for Q6_LCD
Fri Oct 24 15:24:05 2014
Quartus II 64-Bit Version 13.0.1 Build 232 06/12/2013 Service Pack 1 SJ Web Edition


---------------------
; Table of Contents ;
---------------------
  1. Legal Notice
  2. Analysis & Synthesis Summary
  3. Analysis & Synthesis Settings
  4. Parallel Compilation
  5. Analysis & Synthesis Source Files Read
  6. Analysis & Synthesis Resource Usage Summary
  7. Analysis & Synthesis Resource Utilization by Entity
  8. State Machine - |LCD_Test|LCD_Display:U1|next_command
  9. State Machine - |LCD_Test|LCD_Display:U1|state
 10. Registers Removed During Synthesis
 11. General Register Statistics
 12. Inverted Register Statistics
 13. Multiplexer Restructuring Statistics (Restructuring Performed)
 14. Parameter Settings for User Entity Instance: LCD_Display:U1
 15. Elapsed Time Per Partition
 16. Analysis & Synthesis Messages



----------------
; Legal Notice ;
----------------
Copyright (C) 1991-2013 Altera Corporation
Your use of Altera Corporation's design tools, logic functions 
and other software and tools, and its AMPP partner logic 
functions, and any output files from any of the foregoing 
(including device programming or simulation files), and any 
associated documentation or information are expressly subject 
to the terms and conditions of the Altera Program License 
Subscription Agreement, Altera MegaCore Function License 
Agreement, or other applicable license agreement, including, 
without limitation, that your use is for the sole purpose of 
programming logic devices manufactured by Altera and sold by 
Altera or its authorized distributors.  Please refer to the 
applicable agreement for further details.



+--------------------------------------------------------------------------------------+
; Analysis & Synthesis Summary                                                         ;
+------------------------------------+-------------------------------------------------+
; Analysis & Synthesis Status        ; Successful - Fri Oct 24 15:24:05 2014           ;
; Quartus II 64-Bit Version          ; 13.0.1 Build 232 06/12/2013 SP 1 SJ Web Edition ;
; Revision Name                      ; Q6_LCD                                          ;
; Top-level Entity Name              ; LCD_Test                                        ;
; Family                             ; Cyclone IV E                                    ;
; Total logic elements               ; 121                                             ;
;     Total combinational functions  ; 118                                             ;
;     Dedicated logic registers      ; 60                                              ;
; Total registers                    ; 60                                              ;
; Total pins                         ; 32                                              ;
; Total virtual pins                 ; 0                                               ;
; Total memory bits                  ; 0                                               ;
; Embedded Multiplier 9-bit elements ; 0                                               ;
; Total PLLs                         ; 0                                               ;
+------------------------------------+-------------------------------------------------+


+----------------------------------------------------------------------------------------------------------------------+
; Analysis & Synthesis Settings                                                                                        ;
+----------------------------------------------------------------------------+--------------------+--------------------+
; Option                                                                     ; Setting            ; Default Value      ;
+----------------------------------------------------------------------------+--------------------+--------------------+
; Device                                                                     ; EP4CE115F29C7      ;                    ;
; Top-level entity name                                                      ; LCD_Test           ; Q6_LCD             ;
; Family name                                                                ; Cyclone IV E       ; Cyclone IV GX      ;
; Use smart compilation                                                      ; Off                ; Off                ;
; Enable parallel Assembler and TimeQuest Timing Analyzer during compilation ; On                 ; On                 ;
; Enable compact report table                                                ; Off                ; Off                ;
; Restructure Multiplexers                                                   ; Auto               ; Auto               ;
; Create Debugging Nodes for IP Cores                                        ; Off                ; Off                ;
; Preserve fewer node names                                                  ; On                 ; On                 ;
; Disable OpenCore Plus hardware evaluation                                  ; Off                ; Off                ;
; Verilog Version                                                            ; Verilog_2001       ; Verilog_2001       ;
; VHDL Version                                                               ; VHDL_1993          ; VHDL_1993          ;
; State Machine Processing                                                   ; Auto               ; Auto               ;
; Safe State Machine                                                         ; Off                ; Off                ;
; Extract Verilog State Machines                                             ; On                 ; On                 ;
; Extract VHDL State Machines                                                ; On                 ; On                 ;
; Ignore Verilog initial constructs                                          ; Off                ; Off                ;
; Iteration limit for constant Verilog loops                                 ; 5000               ; 5000               ;
; Iteration limit for non-constant Verilog loops                             ; 250                ; 250                ;
; Add Pass-Through Logic to Inferred RAMs                                    ; On                 ; On                 ;
; Infer RAMs from Raw Logic                                                  ; On                 ; On                 ;
; Parallel Synthesis                                                         ; On                 ; On                 ;
; DSP Block Balancing                                                        ; Auto               ; Auto               ;
; NOT Gate Push-Back                                                         ; On                 ; On                 ;
; Power-Up Don't Care                                                        ; On                 ; On                 ;
; Remove Redundant Logic Cells                                               ; Off                ; Off                ;
; Remove Duplicate Registers                                                 ; On                 ; On                 ;
; Ignore CARRY Buffers                                                       ; Off                ; Off                ;
; Ignore CASCADE Buffers                                                     ; Off                ; Off                ;
; Ignore GLOBAL Buffers                                                      ; Off                ; Off                ;
; Ignore ROW GLOBAL Buffers                                                  ; Off                ; Off                ;
; Ignore LCELL Buffers                                                       ; Off                ; Off                ;
; Ignore SOFT Buffers                                                        ; On                 ; On                 ;
; Limit AHDL Integers to 32 Bits                                             ; Off                ; Off                ;
; Optimization Technique                                                     ; Balanced           ; Balanced           ;
; Carry Chain Length                                                         ; 70                 ; 70                 ;
; Auto Carry Chains                                                          ; On                 ; On                 ;
; Auto Open-Drain Pins                                                       ; On                 ; On                 ;
; Perform WYSIWYG Primitive Resynthesis                                      ; Off                ; Off                ;
; Auto ROM Replacement                                                       ; On                 ; On                 ;
; Auto RAM Replacement                                                       ; On                 ; On                 ;
; Auto DSP Block Replacement                                                 ; On                 ; On                 ;
; Auto Shift Register Replacement                                            ; Auto               ; Auto               ;
; Allow Shift Register Merging across Hierarchies                            ; Auto               ; Auto               ;
; Auto Clock Enable Replacement                                              ; On                 ; On                 ;
; Strict RAM Replacement                                                     ; Off                ; Off                ;
; Allow Synchronous Control Signals                                          ; On                 ; On                 ;
; Force Use of Synchronous Clear Signals                                     ; Off                ; Off                ;
; Auto RAM Block Balancing                                                   ; On                 ; On                 ;
; Auto RAM to Logic Cell Conversion                                          ; Off                ; Off                ;
; Auto Resource Sharing                                                      ; Off                ; Off                ;
; Allow Any RAM Size For Recognition                                         ; Off                ; Off                ;
; Allow Any ROM Size For Recognition                                         ; Off                ; Off                ;
; Allow Any Shift Register Size For Recognition                              ; Off                ; Off                ;
; Use LogicLock Constraints during Resource Balancing                        ; On                 ; On                 ;
; Ignore translate_off and synthesis_off directives                          ; Off                ; Off                ;
; Timing-Driven Synthesis                                                    ; On                 ; On                 ;
; Report Parameter Settings                                                  ; On                 ; On                 ;
; Report Source Assignments                                                  ; On                 ; On                 ;
; Report Connectivity Checks                                                 ; On                 ; On                 ;
; Ignore Maximum Fan-Out Assignments                                         ; Off                ; Off                ;
; Synchronization Register Chain Length                                      ; 2                  ; 2                  ;
; PowerPlay Power Optimization                                               ; Normal compilation ; Normal compilation ;
; HDL message level                                                          ; Level2             ; Level2             ;
; Suppress Register Optimization Related Messages                            ; Off                ; Off                ;
; Number of Removed Registers Reported in Synthesis Report                   ; 5000               ; 5000               ;
; Number of Swept Nodes Reported in Synthesis Report                         ; 5000               ; 5000               ;
; Number of Inverted Registers Reported in Synthesis Report                  ; 100                ; 100                ;
; Clock MUX Protection                                                       ; On                 ; On                 ;
; Auto Gated Clock Conversion                                                ; Off                ; Off                ;
; Block Design Naming                                                        ; Auto               ; Auto               ;
; SDC constraint protection                                                  ; Off                ; Off                ;
; Synthesis Effort                                                           ; Auto               ; Auto               ;
; Shift Register Replacement - Allow Asynchronous Clear Signal               ; On                 ; On                 ;
; Pre-Mapping Resynthesis Optimization                                       ; Off                ; Off                ;
; Analysis & Synthesis Message Level                                         ; Medium             ; Medium             ;
; Disable Register Merging Across Hierarchies                                ; Auto               ; Auto               ;
; Resource Aware Inference For Block RAM                                     ; On                 ; On                 ;
; Synthesis Seed                                                             ; 1                  ; 1                  ;
+----------------------------------------------------------------------------+--------------------+--------------------+


Parallel compilation was disabled, but you have multiple processors available. Enable parallel compilation to reduce compilation time.
+-------------------------------------+
; Parallel Compilation                ;
+----------------------------+--------+
; Processors                 ; Number ;
+----------------------------+--------+
; Number detected on machine ; 8      ;
; Maximum allowed            ; 1      ;
+----------------------------+--------+


+-------------------------------------------------------------------------------------------------------------------------------------------------------------------+
; Analysis & Synthesis Source Files Read                                                                                                                            ;
+----------------------------------+-----------------+-----------------+----------------------------------------------------------------------------------+---------+
; File Name with User-Entered Path ; Used in Netlist ; File Type       ; File Name with Absolute Path                                                     ; Library ;
+----------------------------------+-----------------+-----------------+----------------------------------------------------------------------------------+---------+
; LCD_Test.vhd                     ; yes             ; User VHDL File  ; D:/Trevor/My Documents/School/EECE 277 (FPGA)/FPGA-Labs/Lab 3/Q6/LCD_Test.vhd    ;         ;
; LCD_Display.vhd                  ; yes             ; User VHDL File  ; D:/Trevor/My Documents/School/EECE 277 (FPGA)/FPGA-Labs/Lab 3/Q6/LCD_Display.vhd ;         ;
+----------------------------------+-----------------+-----------------+----------------------------------------------------------------------------------+---------+


+--------------------------------------------------------------+
; Analysis & Synthesis Resource Usage Summary                  ;
+---------------------------------------------+----------------+
; Resource                                    ; Usage          ;
+---------------------------------------------+----------------+
; Estimated Total logic elements              ; 121            ;
;                                             ;                ;
; Total combinational functions               ; 118            ;
; Logic element usage by number of LUT inputs ;                ;
;     -- 4 input functions                    ; 61             ;
;     -- 3 input functions                    ; 13             ;
;     -- <=2 input functions                  ; 44             ;
;                                             ;                ;
; Logic elements by mode                      ;                ;
;     -- normal mode                          ; 95             ;
;     -- arithmetic mode                      ; 23             ;
;                                             ;                ;
; Total registers                             ; 60             ;
;     -- Dedicated logic registers            ; 60             ;
;     -- I/O registers                        ; 0              ;
;                                             ;                ;
; I/O pins                                    ; 32             ;
; Embedded Multiplier 9-bit elements          ; 0              ;
; Maximum fan-out node                        ; CLOCK_50~input ;
; Maximum fan-out                             ; 60             ;
; Total fan-out                               ; 648            ;
; Average fan-out                             ; 2.59           ;
+---------------------------------------------+----------------+


+----------------------------------------------------------------------------------------------------------------------------------------------------------------------------------+
; Analysis & Synthesis Resource Utilization by Entity                                                                                                                              ;
+----------------------------+-------------------+--------------+-------------+--------------+---------+-----------+------+--------------+--------------------------+--------------+
; Compilation Hierarchy Node ; LC Combinationals ; LC Registers ; Memory Bits ; DSP Elements ; DSP 9x9 ; DSP 18x18 ; Pins ; Virtual Pins ; Full Hierarchy Name      ; Library Name ;
+----------------------------+-------------------+--------------+-------------+--------------+---------+-----------+------+--------------+--------------------------+--------------+
; |LCD_Test                  ; 118 (0)           ; 60 (0)       ; 0           ; 0            ; 0       ; 0         ; 32   ; 0            ; |LCD_Test                ; work         ;
;    |LCD_Display:U1|        ; 118 (118)         ; 60 (60)      ; 0           ; 0            ; 0       ; 0         ; 0    ; 0            ; |LCD_Test|LCD_Display:U1 ; work         ;
+----------------------------+-------------------+--------------+-------------+--------------+---------+-----------+------+--------------+--------------------------+--------------+
Note: For table entries with two numbers listed, the numbers in parentheses indicate the number of resources of the given type used by the specific entity alone. The numbers listed outside of parentheses indicate the total resources of the given type used by the specific entity and all of its sub-entities in the hierarchy.


Encoding Type:  One-Hot
+----------------------------------------------------------------------------------------------------------------------------------------------------------------------------------------------------------------------------------------------------------------------------------------------------------------------------------------------------------+
; State Machine - |LCD_Test|LCD_Display:U1|next_command                                                                                                                                                                                                                                                                                                    ;
+----------------------------+----------------------------+--------------------------+---------------------+-------------------+---------------------+-------------------------+--------------------------+--------------------+---------------------------+-----------------------+-------------------------+-----------------------+---------------------+
; Name                       ; next_command.DISPLAY_CLEAR ; next_command.DISPLAY_OFF ; next_command.RESET3 ; next_command.HOLD ; next_command.RESET1 ; next_command.DROP_LCD_E ; next_command.RETURN_HOME ; next_command.LINE2 ; next_command.Print_String ; next_command.MODE_SET ; next_command.DISPLAY_ON ; next_command.FUNC_SET ; next_command.RESET2 ;
+----------------------------+----------------------------+--------------------------+---------------------+-------------------+---------------------+-------------------------+--------------------------+--------------------+---------------------------+-----------------------+-------------------------+-----------------------+---------------------+
; next_command.RESET2        ; 0                          ; 0                        ; 0                   ; 0                 ; 0                   ; 0                       ; 0                        ; 0                  ; 0                         ; 0                     ; 0                       ; 0                     ; 0                   ;
; next_command.FUNC_SET      ; 0                          ; 0                        ; 0                   ; 0                 ; 0                   ; 0                       ; 0                        ; 0                  ; 0                         ; 0                     ; 0                       ; 1                     ; 1                   ;
; next_command.DISPLAY_ON    ; 0                          ; 0                        ; 0                   ; 0                 ; 0                   ; 0                       ; 0                        ; 0                  ; 0                         ; 0                     ; 1                       ; 0                     ; 1                   ;
; next_command.MODE_SET      ; 0                          ; 0                        ; 0                   ; 0                 ; 0                   ; 0                       ; 0                        ; 0                  ; 0                         ; 1                     ; 0                       ; 0                     ; 1                   ;
; next_command.Print_String  ; 0                          ; 0                        ; 0                   ; 0                 ; 0                   ; 0                       ; 0                        ; 0                  ; 1                         ; 0                     ; 0                       ; 0                     ; 1                   ;
; next_command.LINE2         ; 0                          ; 0                        ; 0                   ; 0                 ; 0                   ; 0                       ; 0                        ; 1                  ; 0                         ; 0                     ; 0                       ; 0                     ; 1                   ;
; next_command.RETURN_HOME   ; 0                          ; 0                        ; 0                   ; 0                 ; 0                   ; 0                       ; 1                        ; 0                  ; 0                         ; 0                     ; 0                       ; 0                     ; 1                   ;
; next_command.DROP_LCD_E    ; 0                          ; 0                        ; 0                   ; 0                 ; 0                   ; 1                       ; 0                        ; 0                  ; 0                         ; 0                     ; 0                       ; 0                     ; 1                   ;
; next_command.RESET1        ; 0                          ; 0                        ; 0                   ; 0                 ; 1                   ; 0                       ; 0                        ; 0                  ; 0                         ; 0                     ; 0                       ; 0                     ; 1                   ;
; next_command.HOLD          ; 0                          ; 0                        ; 0                   ; 1                 ; 0                   ; 0                       ; 0                        ; 0                  ; 0                         ; 0                     ; 0                       ; 0                     ; 1                   ;
; next_command.RESET3        ; 0                          ; 0                        ; 1                   ; 0                 ; 0                   ; 0                       ; 0                        ; 0                  ; 0                         ; 0                     ; 0                       ; 0                     ; 1                   ;
; next_command.DISPLAY_OFF   ; 0                          ; 1                        ; 0                   ; 0                 ; 0                   ; 0                       ; 0                        ; 0                  ; 0                         ; 0                     ; 0                       ; 0                     ; 1                   ;
; next_command.DISPLAY_CLEAR ; 1                          ; 0                        ; 0                   ; 0                 ; 0                   ; 0                       ; 0                        ; 0                  ; 0                         ; 0                     ; 0                       ; 0                     ; 1                   ;
+----------------------------+----------------------------+--------------------------+---------------------+-------------------+---------------------+-------------------------+--------------------------+--------------------+---------------------------+-----------------------+-------------------------+-----------------------+---------------------+


Encoding Type:  One-Hot
+--------------------------------------------------------------------------------------------------------------------------------------------------------------------------------------------------------------------------------------------------------+
; State Machine - |LCD_Test|LCD_Display:U1|state                                                                                                                                                                                                         ;
+---------------------+---------------------+-------------------+--------------+--------------+------------+------------------+-------------------+-------------+--------------------+----------------+------------------+----------------+--------------+
; Name                ; state.DISPLAY_CLEAR ; state.DISPLAY_OFF ; state.RESET3 ; state.RESET2 ; state.HOLD ; state.DROP_LCD_E ; state.RETURN_HOME ; state.LINE2 ; state.Print_String ; state.MODE_SET ; state.DISPLAY_ON ; state.FUNC_SET ; state.RESET1 ;
+---------------------+---------------------+-------------------+--------------+--------------+------------+------------------+-------------------+-------------+--------------------+----------------+------------------+----------------+--------------+
; state.RESET1        ; 0                   ; 0                 ; 0            ; 0            ; 0          ; 0                ; 0                 ; 0           ; 0                  ; 0              ; 0                ; 0              ; 0            ;
; state.FUNC_SET      ; 0                   ; 0                 ; 0            ; 0            ; 0          ; 0                ; 0                 ; 0           ; 0                  ; 0              ; 0                ; 1              ; 1            ;
; state.DISPLAY_ON    ; 0                   ; 0                 ; 0            ; 0            ; 0          ; 0                ; 0                 ; 0           ; 0                  ; 0              ; 1                ; 0              ; 1            ;
; state.MODE_SET      ; 0                   ; 0                 ; 0            ; 0            ; 0          ; 0                ; 0                 ; 0           ; 0                  ; 1              ; 0                ; 0              ; 1            ;
; state.Print_String  ; 0                   ; 0                 ; 0            ; 0            ; 0          ; 0                ; 0                 ; 0           ; 1                  ; 0              ; 0                ; 0              ; 1            ;
; state.LINE2         ; 0                   ; 0                 ; 0            ; 0            ; 0          ; 0                ; 0                 ; 1           ; 0                  ; 0              ; 0                ; 0              ; 1            ;
; state.RETURN_HOME   ; 0                   ; 0                 ; 0            ; 0            ; 0          ; 0                ; 1                 ; 0           ; 0                  ; 0              ; 0                ; 0              ; 1            ;
; state.DROP_LCD_E    ; 0                   ; 0                 ; 0            ; 0            ; 0          ; 1                ; 0                 ; 0           ; 0                  ; 0              ; 0                ; 0              ; 1            ;
; state.HOLD          ; 0                   ; 0                 ; 0            ; 0            ; 1          ; 0                ; 0                 ; 0           ; 0                  ; 0              ; 0                ; 0              ; 1            ;
; state.RESET2        ; 0                   ; 0                 ; 0            ; 1            ; 0          ; 0                ; 0                 ; 0           ; 0                  ; 0              ; 0                ; 0              ; 1            ;
; state.RESET3        ; 0                   ; 0                 ; 1            ; 0            ; 0          ; 0                ; 0                 ; 0           ; 0                  ; 0              ; 0                ; 0              ; 1            ;
; state.DISPLAY_OFF   ; 0                   ; 1                 ; 0            ; 0            ; 0          ; 0                ; 0                 ; 0           ; 0                  ; 0              ; 0                ; 0              ; 1            ;
; state.DISPLAY_CLEAR ; 1                   ; 0                 ; 0            ; 0            ; 0          ; 0                ; 0                 ; 0           ; 0                  ; 0              ; 0                ; 0              ; 1            ;
+---------------------+---------------------+-------------------+--------------+--------------+------------+------------------+-------------------+-------------+--------------------+----------------+------------------+----------------+--------------+


+---------------------------------------------------------------------------------------------+
; Registers Removed During Synthesis                                                          ;
+----------------------------------------+----------------------------------------------------+
; Register name                          ; Reason for Removal                                 ;
+----------------------------------------+----------------------------------------------------+
; LCD_Display:U1|next_command.HOLD       ; Merged with LCD_Display:U1|next_command.DROP_LCD_E ;
; LCD_Display:U1|next_command.RESET1     ; Merged with LCD_Display:U1|next_command.DROP_LCD_E ;
; LCD_Display:U1|next_command.DROP_LCD_E ; Stuck at GND due to stuck port data_in             ;
; Total Number of Removed Registers = 3  ;                                                    ;
+----------------------------------------+----------------------------------------------------+


+------------------------------------------------------+
; General Register Statistics                          ;
+----------------------------------------------+-------+
; Statistic                                    ; Value ;
+----------------------------------------------+-------+
; Total registers                              ; 60    ;
; Number of registers using Synchronous Clear  ; 20    ;
; Number of registers using Synchronous Load   ; 5     ;
; Number of registers using Asynchronous Clear ; 34    ;
; Number of registers using Asynchronous Load  ; 0     ;
; Number of registers using Clock Enable       ; 38    ;
; Number of registers using Preset             ; 0     ;
+----------------------------------------------+-------+


+--------------------------------------------------+
; Inverted Register Statistics                     ;
+----------------------------------------+---------+
; Inverted Register                      ; Fan out ;
+----------------------------------------+---------+
; LCD_Display:U1|LCD_E                   ; 2       ;
; LCD_Display:U1|LCD_RW_INT              ; 9       ;
; LCD_Display:U1|DATA_BUS_VALUE[3]       ; 2       ;
; LCD_Display:U1|DATA_BUS_VALUE[4]       ; 1       ;
; LCD_Display:U1|DATA_BUS_VALUE[5]       ; 1       ;
; Total number of inverted registers = 5 ;         ;
+----------------------------------------+---------+


+------------------------------------------------------------------------------------------------------------------------------------------------------------+
; Multiplexer Restructuring Statistics (Restructuring Performed)                                                                                             ;
+--------------------+-----------+---------------+----------------------+------------------------+------------+----------------------------------------------+
; Multiplexer Inputs ; Bus Width ; Baseline Area ; Area if Restructured ; Saving if Restructured ; Registered ; Example Multiplexer Output                   ;
+--------------------+-----------+---------------+----------------------+------------------------+------------+----------------------------------------------+
; 3:1                ; 20 bits   ; 40 LEs        ; 20 LEs               ; 20 LEs                 ; Yes        ; |LCD_Test|LCD_Display:U1|CLK_COUNT_400HZ[15] ;
; 5:1                ; 2 bits    ; 6 LEs         ; 6 LEs                ; 0 LEs                  ; Yes        ; |LCD_Test|LCD_Display:U1|DATA_BUS_VALUE[4]   ;
; 3:1                ; 11 bits   ; 22 LEs        ; 22 LEs               ; 0 LEs                  ; No         ; |LCD_Test|LCD_Display:U1|state               ;
; 3:1                ; 3 bits    ; 6 LEs         ; 3 LEs                ; 3 LEs                  ; No         ; |LCD_Test|LCD_Display:U1|next_command        ;
; 32:1               ; 4 bits    ; 84 LEs        ; 40 LEs               ; 44 LEs                 ; No         ; |LCD_Test|LCD_Display:U1|Mux6                ;
+--------------------+-----------+---------------+----------------------+------------------------+------------+----------------------------------------------+


+-------------------------------------------------------------+
; Parameter Settings for User Entity Instance: LCD_Display:U1 ;
+----------------+-------+------------------------------------+
; Parameter Name ; Value ; Type                               ;
+----------------+-------+------------------------------------+
; num_hex_digits ; 4     ; Signed Integer                     ;
+----------------+-------+------------------------------------+
Note: In order to hide this table in the UI and the text report file, please set the "Show Parameter Settings in Synthesis Report" option in "Analysis and Synthesis Settings -> More Settings" to "Off".


+-------------------------------+
; Elapsed Time Per Partition    ;
+----------------+--------------+
; Partition Name ; Elapsed Time ;
+----------------+--------------+
; Top            ; 00:00:00     ;
+----------------+--------------+


+-------------------------------+
; Analysis & Synthesis Messages ;
+-------------------------------+
Info: *******************************************************************
Info: Running Quartus II 64-Bit Analysis & Synthesis
    Info: Version 13.0.1 Build 232 06/12/2013 Service Pack 1 SJ Web Edition
    Info: Processing started: Fri Oct 24 15:24:02 2014
Info: Command: quartus_map --read_settings_files=on --write_settings_files=off Q6_LCD -c Q6_LCD
Warning (20028): Parallel compilation is not licensed and has been disabled
Info (12021): Found 2 design units, including 1 entities, in source file lcd_test.vhd
    Info (12022): Found design unit 1: LCD_Test-structural
    Info (12023): Found entity 1: LCD_Test
Info (12021): Found 2 design units, including 1 entities, in source file lcd_display.vhd
    Info (12022): Found design unit 1: LCD_Display-a
    Info (12023): Found entity 1: LCD_Display
Info (12127): Elaborating entity "LCD_Test" for the top level hierarchy
Info (12128): Elaborating entity "LCD_Display" for hierarchy "LCD_Display:U1"
Info (13000): Registers with preset signals will power-up high
Info (13003): DEV_CLRn pin will set, and not reset, register with preset signal due to NOT Gate Push-Back
Warning (13024): Output pins are stuck at VCC or GND
    Warning (13410): Pin "LCD_BLON" is stuck at VCC
    Warning (13410): Pin "LCD_ON" is stuck at VCC
Info (286030): Timing-Driven Synthesis is running
Info (16010): Generating hard_block partition "hard_block:auto_generated_inst"
    Info (16011): Adding 0 node(s), including 0 DDIO, 0 PLL, 0 transceiver and 0 LCELL
Warning (21074): Design contains 1 input pin(s) that do not drive logic
    Warning (15610): No output dependent on input pin "SW[16]"
Info (21057): Implemented 154 device resources after synthesis - the final resource count might be different
    Info (21058): Implemented 19 input pins
    Info (21059): Implemented 5 output pins
    Info (21060): Implemented 8 bidirectional pins
    Info (21061): Implemented 122 logic cells
Info: Quartus II 64-Bit Analysis & Synthesis was successful. 0 errors, 6 warnings
    Info: Peak virtual memory: 506 megabytes
    Info: Processing ended: Fri Oct 24 15:24:05 2014
    Info: Elapsed time: 00:00:03
    Info: Total CPU time (on all processors): 00:00:03


